2025-10-27 20:17:16,860 - INFO - ============================================================
2025-10-27 20:17:16,860 - INFO - BRIAN'S COMPETITOR ANALYSIS - COMPLETE AUTOMATION
2025-10-27 20:17:16,860 - INFO - ============================================================
2025-10-27 20:17:16,860 - INFO - ABS PATH: /Users/kunsang.tsering/Desktop/reddit-competitor-sentiment
2025-10-27 20:17:16,860 - INFO - 
🔄 Step 1: Running accurate_scraper.py...
2025-10-27 20:17:24,180 - INFO - ✅ Scraper completed - data saved to working_reddit_data.json
2025-10-27 20:17:24,180 - INFO - 
🔄 Step 2: Processing raw data...
2025-10-27 20:17:24,194 - INFO - ✅ Raw data processing complete - files saved with 2025-10-27
2025-10-27 20:17:24,194 - INFO - 
🔄 Step 3: Generating Step 1 chart...
2025-10-27 20:17:24,842 - INFO - ✅ Step 1 chart generated successfully
2025-10-27 20:17:24,842 - INFO - 
🔄 Step 4: Generating Step 2 ACTIONABLE analysis...
2025-10-27 20:17:24,900 - INFO - ✅ Step 2 analysis generated successfully
2025-10-27 20:17:24,900 - INFO - 
🔄 Step 5: Running Brian's validation rules...
2025-10-27 20:17:24,900 - INFO - ✅ All validation rules PASSED
2025-10-27 20:17:24,900 - INFO - 
🔄 Step 6: Archiving artifacts...
2025-10-27 20:17:24,912 - INFO - ✅ Artifacts archived to reports/archive/2025-10-27
2025-10-27 20:17:24,912 - INFO - 
🔄 Step 7: Git commit and push...
